<?xml version="1.0" encoding="UTF-8"?>
<!-- Generated by org.testng.reporters.JUnitXMLReporter -->
<testsuite ignored="0" hostname="Naveens-MacBook-Pro.local" failures="0" tests="3" name="Default test" time="0.036" errors="0" timestamp="26 Jun 2020 07:34:43 GMT">
  <testcase classname="com.training.tests.ParameterizationDataproviderTest" name="myTest" time="0.007"/>
  <testcase classname="com.training.tests.ParameterizationDataproviderTest" name="myTest" time="0.002"/>
  <testcase classname="com.training.tests.ParameterizationDataproviderTest" name="myTest" time="0.001"/>
</testsuite> <!-- Default test -->
