<?xml version="1.0" encoding="UTF-8"?>
<!-- Generated by org.testng.reporters.JUnitXMLReporter -->
<testsuite ignored="0" hostname="Naveens-MacBook-Pro.local" failures="0" tests="4" name="Default test" time="0.294" errors="0" timestamp="30 Jun 2020 06:17:04 GMT">
  <testcase classname="com.training.tests.ParameterizationDataproviderTestDB" name="myTest" time="0.006"/>
  <testcase classname="com.training.tests.ParameterizationDataproviderTestDB" name="myTest" time="0.002"/>
  <testcase classname="com.training.tests.ParameterizationDataproviderTestDB" name="myTest" time="0.001"/>
  <testcase classname="com.training.tests.ParameterizationDataproviderTestDB" name="myTest" time="0.001"/>
</testsuite> <!-- Default test -->
