<?xml version="1.0" encoding="UTF-8"?>
<testng-results ignored="0" total="3" passed="3" failed="0" skipped="0">
  <reporter-output>
  </reporter-output>
  <suite started-at="2020-06-26T07:34:43Z" name="Default suite" finished-at="2020-06-26T07:34:43Z" duration-ms="36">
    <groups>
    </groups>
    <test started-at="2020-06-26T07:34:43Z" name="Default test" finished-at="2020-06-26T07:34:43Z" duration-ms="36">
      <class name="com.training.tests.ParameterizationDataproviderTest">
        <test-method signature="myTest(java.lang.String, java.lang.String)[pri:0, instance:com.training.tests.ParameterizationDataproviderTest@7d94beb9]" started-at="2020-06-26T07:34:43Z" name="myTest" data-provider="userData" finished-at="2020-06-26T07:34:43Z" duration-ms="7" status="PASS">
          <params>
            <param index="0">
              <value>
                <![CDATA[inba]]>
              </value>
            </param>
            <param index="1">
              <value>
                <![CDATA[india]]>
              </value>
            </param>
          </params>
          <reporter-output>
          </reporter-output>
        </test-method> <!-- myTest -->
        <test-method signature="myTest(java.lang.String, java.lang.String)[pri:0, instance:com.training.tests.ParameterizationDataproviderTest@7d94beb9]" started-at="2020-06-26T07:34:43Z" name="myTest" data-provider="userData" finished-at="2020-06-26T07:34:43Z" duration-ms="2" status="PASS">
          <params>
            <param index="0">
              <value>
                <![CDATA[sarada]]>
              </value>
            </param>
            <param index="1">
              <value>
                <![CDATA[holland]]>
              </value>
            </param>
          </params>
          <reporter-output>
          </reporter-output>
        </test-method> <!-- myTest -->
        <test-method signature="myTest(java.lang.String, java.lang.String)[pri:0, instance:com.training.tests.ParameterizationDataproviderTest@7d94beb9]" started-at="2020-06-26T07:34:43Z" name="myTest" data-provider="userData" finished-at="2020-06-26T07:34:43Z" duration-ms="1" status="PASS">
          <params>
            <param index="0">
              <value>
                <![CDATA[shrikanth]]>
              </value>
            </param>
            <param index="1">
              <value>
                <![CDATA[karnataka]]>
              </value>
            </param>
          </params>
          <reporter-output>
          </reporter-output>
        </test-method> <!-- myTest -->
      </class> <!-- com.training.tests.ParameterizationDataproviderTest -->
    </test> <!-- Default test -->
  </suite> <!-- Default suite -->
</testng-results>
