<?xml version="1.0" encoding="UTF-8"?>
<testng-results ignored="0" total="4" passed="4" failed="0" skipped="0">
  <reporter-output>
  </reporter-output>
  <suite started-at="2020-06-30T06:17:04Z" name="Default suite" finished-at="2020-06-30T06:17:04Z" duration-ms="294">
    <groups>
    </groups>
    <test started-at="2020-06-30T06:17:04Z" name="Default test" finished-at="2020-06-30T06:17:04Z" duration-ms="294">
      <class name="com.training.tests.ParameterizationDataproviderTestDB">
        <test-method signature="myTest(com.training.beans.User)[pri:0, instance:com.training.tests.ParameterizationDataproviderTestDB@5f20155b]" started-at="2020-06-30T06:17:04Z" name="myTest" data-provider="userData" finished-at="2020-06-30T06:17:04Z" duration-ms="6" status="PASS">
          <params>
            <param index="0">
              <value>
                <![CDATA[User [userName=mintu, password=hello]]]>
              </value>
            </param>
          </params>
          <reporter-output>
          </reporter-output>
        </test-method> <!-- myTest -->
        <test-method signature="myTest(com.training.beans.User)[pri:0, instance:com.training.tests.ParameterizationDataproviderTestDB@5f20155b]" started-at="2020-06-30T06:17:04Z" name="myTest" data-provider="userData" finished-at="2020-06-30T06:17:04Z" duration-ms="2" status="PASS">
          <params>
            <param index="0">
              <value>
                <![CDATA[User [userName=deepa, password=secret]]]>
              </value>
            </param>
          </params>
          <reporter-output>
          </reporter-output>
        </test-method> <!-- myTest -->
        <test-method signature="myTest(com.training.beans.User)[pri:0, instance:com.training.tests.ParameterizationDataproviderTestDB@5f20155b]" started-at="2020-06-30T06:17:04Z" name="myTest" data-provider="userData" finished-at="2020-06-30T06:17:04Z" duration-ms="1" status="PASS">
          <params>
            <param index="0">
              <value>
                <![CDATA[User [userName=Gunasekhar, password=keserla123]]]>
              </value>
            </param>
          </params>
          <reporter-output>
          </reporter-output>
        </test-method> <!-- myTest -->
        <test-method signature="myTest(com.training.beans.User)[pri:0, instance:com.training.tests.ParameterizationDataproviderTestDB@5f20155b]" started-at="2020-06-30T06:17:04Z" name="myTest" data-provider="userData" finished-at="2020-06-30T06:17:04Z" duration-ms="1" status="PASS">
          <params>
            <param index="0">
              <value>
                <![CDATA[User [userName=inba, password=india]]]>
              </value>
            </param>
          </params>
          <reporter-output>
          </reporter-output>
        </test-method> <!-- myTest -->
      </class> <!-- com.training.tests.ParameterizationDataproviderTestDB -->
    </test> <!-- Default test -->
  </suite> <!-- Default suite -->
</testng-results>
